This is pdfTeX, Version 3.141592653-2.6-1.40.22 (TeX Live 2021) (preloaded format=pdflatex 2022.2.21)  9 DEC 2023 15:00
entering extended mode
 restricted \write18 enabled.
 file:line:error style messages enabled.
 %&-line parsing enabled.
**/Users/surya/Downloads/18300FinalReport/example/example.tex
(/Users/surya/Downloads/18300FinalReport/example/example.tex
LaTeX2e <2020-10-01> patch level 4
L3 programming layer <2021-02-18> (/usr/local/texlive/2021/texmf-dist/tex/latex/base/article.cls
Document Class: article 2020/04/10 v1.4m Standard LaTeX document class
(/usr/local/texlive/2021/texmf-dist/tex/latex/base/size10.clo
File: size10.clo 2020/04/10 v1.4m Standard LaTeX file (size option)
)
\c@part=\count179
\c@section=\count180
\c@subsection=\count181
\c@subsubsection=\count182
\c@paragraph=\count183
\c@subparagraph=\count184
\c@figure=\count185
\c@table=\count186
\abovecaptionskip=\skip47
\belowcaptionskip=\skip48
\bibindent=\dimen138
) (/Users/surya/Downloads/18300FinalReport/example/../template/preamble.tex (/usr/local/texlive/2021/texmf-dist/tex/latex/geometry/geometry.sty
Package: geometry 2020/01/02 v5.9 Page Geometry
 (/usr/local/texlive/2021/texmf-dist/tex/latex/graphics/keyval.sty
Package: keyval 2014/10/28 v1.15 key=value parser (DPC)
\KV@toks@=\toks15
) (/usr/local/texlive/2021/texmf-dist/tex/generic/iftex/ifvtex.sty
Package: ifvtex 2019/10/25 v1.7 ifvtex legacy package. Use iftex instead.
 (/usr/local/texlive/2021/texmf-dist/tex/generic/iftex/iftex.sty
Package: iftex 2020/03/06 v1.0d TeX engine tests
))
\Gm@cnth=\count187
\Gm@cntv=\count188
\c@Gm@tempcnt=\count189
\Gm@bindingoffset=\dimen139
\Gm@wd@mp=\dimen140
\Gm@odd@mp=\dimen141
\Gm@even@mp=\dimen142
\Gm@layoutwidth=\dimen143
\Gm@layoutheight=\dimen144
\Gm@layouthoffset=\dimen145
\Gm@layoutvoffset=\dimen146
\Gm@dimlist=\toks16


Package geometry Warning: Over-specification in `h'-direction.
    `width' (512.1496pt) is ignored.


Package geometry Warning: Over-specification in `v'-direction.
    `height' (682.86613pt) is ignored.

) (/Users/surya/Downloads/18300FinalReport/example/../template/icdp2009.sty
\titlebox=\skip49
)) (/usr/local/texlive/2021/texmf-dist/tex/latex/lm/lmodern.sty
Package: lmodern 2015/05/01 v1.6.1 Latin Modern Fonts
LaTeX Font Info:    Overwriting symbol font `operators' in version `normal'
(Font)                  OT1/cmr/m/n --> OT1/lmr/m/n on input line 22.
LaTeX Font Info:    Overwriting symbol font `letters' in version `normal'
(Font)                  OML/cmm/m/it --> OML/lmm/m/it on input line 23.
LaTeX Font Info:    Overwriting symbol font `symbols' in version `normal'
(Font)                  OMS/cmsy/m/n --> OMS/lmsy/m/n on input line 24.
LaTeX Font Info:    Overwriting symbol font `largesymbols' in version `normal'
(Font)                  OMX/cmex/m/n --> OMX/lmex/m/n on input line 25.
LaTeX Font Info:    Overwriting symbol font `operators' in version `bold'
(Font)                  OT1/cmr/bx/n --> OT1/lmr/bx/n on input line 26.
LaTeX Font Info:    Overwriting symbol font `letters' in version `bold'
(Font)                  OML/cmm/b/it --> OML/lmm/b/it on input line 27.
LaTeX Font Info:    Overwriting symbol font `symbols' in version `bold'
(Font)                  OMS/cmsy/b/n --> OMS/lmsy/b/n on input line 28.
LaTeX Font Info:    Overwriting symbol font `largesymbols' in version `bold'
(Font)                  OMX/cmex/m/n --> OMX/lmex/m/n on input line 29.
LaTeX Font Info:    Overwriting math alphabet `\mathbf' in version `normal'
(Font)                  OT1/cmr/bx/n --> OT1/lmr/bx/n on input line 31.
LaTeX Font Info:    Overwriting math alphabet `\mathsf' in version `normal'
(Font)                  OT1/cmss/m/n --> OT1/lmss/m/n on input line 32.
LaTeX Font Info:    Overwriting math alphabet `\mathit' in version `normal'
(Font)                  OT1/cmr/m/it --> OT1/lmr/m/it on input line 33.
LaTeX Font Info:    Overwriting math alphabet `\mathtt' in version `normal'
(Font)                  OT1/cmtt/m/n --> OT1/lmtt/m/n on input line 34.
LaTeX Font Info:    Overwriting math alphabet `\mathbf' in version `bold'
(Font)                  OT1/cmr/bx/n --> OT1/lmr/bx/n on input line 35.
LaTeX Font Info:    Overwriting math alphabet `\mathsf' in version `bold'
(Font)                  OT1/cmss/bx/n --> OT1/lmss/bx/n on input line 36.
LaTeX Font Info:    Overwriting math alphabet `\mathit' in version `bold'
(Font)                  OT1/cmr/bx/it --> OT1/lmr/bx/it on input line 37.
LaTeX Font Info:    Overwriting math alphabet `\mathtt' in version `bold'
(Font)                  OT1/cmtt/m/n --> OT1/lmtt/m/n on input line 38.
) (/usr/local/texlive/2021/texmf-dist/tex/latex/graphics/graphicx.sty
Package: graphicx 2020/09/09 v1.2b Enhanced LaTeX Graphics (DPC,SPQR)
 (/usr/local/texlive/2021/texmf-dist/tex/latex/graphics/graphics.sty
Package: graphics 2020/08/30 v1.4c Standard LaTeX Graphics (DPC,SPQR)
 (/usr/local/texlive/2021/texmf-dist/tex/latex/graphics/trig.sty
Package: trig 2016/01/03 v1.10 sin cos tan (DPC)
) (/usr/local/texlive/2021/texmf-dist/tex/latex/graphics-cfg/graphics.cfg
File: graphics.cfg 2016/06/04 v1.11 sample graphics configuration
)
Package graphics Info: Driver file: pdftex.def on input line 105.
 (/usr/local/texlive/2021/texmf-dist/tex/latex/graphics-def/pdftex.def
File: pdftex.def 2020/10/05 v1.2a Graphics/color driver for pdftex
))
\Gin@req@height=\dimen147
\Gin@req@width=\dimen148
) (/usr/local/texlive/2021/texmf-dist/tex/latex/psnfss/times.sty
Package: times 2020/03/25 PSNFSS-v9.3 (SPQR) 
) (/usr/local/texlive/2021/texmf-dist/tex/latex/booktabs/booktabs.sty
Package: booktabs 2020/01/12 v1.61803398 Publication quality tables
\heavyrulewidth=\dimen149
\lightrulewidth=\dimen150
\cmidrulewidth=\dimen151
\belowrulesep=\dimen152
\belowbottomsep=\dimen153
\aboverulesep=\dimen154
\abovetopsep=\dimen155
\cmidrulesep=\dimen156
\cmidrulekern=\dimen157
\defaultaddspace=\dimen158
\@cmidla=\count190
\@cmidlb=\count191
\@aboverulesep=\dimen159
\@belowrulesep=\dimen160
\@thisruleclass=\count192
\@lastruleclass=\count193
\@thisrulewidth=\dimen161
) (/usr/local/texlive/2021/texmf-dist/tex/latex/siunitx/siunitx.sty (/usr/local/texlive/2021/texmf-dist/tex/latex/l3kernel/expl3.sty
Package: expl3 2021-02-18 L3 programming layer (loader) 
 (/usr/local/texlive/2021/texmf-dist/tex/latex/l3backend/l3backend-pdftex.def
File: l3backend-pdftex.def 2021-03-18 L3 backend support: PDF output (pdfTeX)
\l__color_backend_stack_int=\count194
\l__pdf_internal_box=\box47
)) (/usr/local/texlive/2021/texmf-dist/tex/latex/l3packages/xparse/xparse.sty (/usr/local/texlive/2021/texmf-dist/tex/latex/l3packages/xparse/xparse-2020-10-01.sty (/usr/local/texlive/2021/texmf-dist/tex/latex/l3packages/xparse/xparse-generic.tex)))
Package: siunitx 2020/02/25 v2.8b A comprehensive (SI) units package
 (/usr/local/texlive/2021/texmf-dist/tex/latex/amsmath/amstext.sty
Package: amstext 2000/06/29 v2.01 AMS text
 (/usr/local/texlive/2021/texmf-dist/tex/latex/amsmath/amsgen.sty
File: amsgen.sty 1999/11/30 v2.0 generic functions
\@emptytoks=\toks17
\ex@=\dimen162
)) (/usr/local/texlive/2021/texmf-dist/tex/latex/tools/array.sty
Package: array 2020/10/01 v2.5c Tabular extension package (FMi)
\col@sep=\dimen163
\ar@mcellbox=\box48
\extrarowheight=\dimen164
\NC@list=\toks18
\extratabsurround=\skip50
\backup@length=\skip51
\ar@cellbox=\box49
) (/usr/local/texlive/2021/texmf-dist/tex/latex/l3packages/l3keys2e/l3keys2e.sty
Package: l3keys2e 2021-03-12 LaTeX2e option processing using LaTeX3 keys
)
\l__siunitx_tmp_box=\box50
\l__siunitx_tmp_dim=\dimen165
\l__siunitx_tmp_int=\count195
\l__siunitx_number_mantissa_length_int=\count196
\l__siunitx_number_uncert_length_int=\count197
\l__siunitx_round_int=\count198
\l__siunitx_process_decimal_int=\count199
\l__siunitx_process_uncertainty_int=\count266
\l__siunitx_process_fixed_int=\count267
\l__siunitx_process_integer_min_int=\count268
\l__siunitx_process_precision_int=\count269
\l__siunitx_group_min_int=\count270
\l__siunitx_angle_marker_box=\box51
\l__siunitx_angle_unit_box=\box52
\l__siunitx_angle_marker_dim=\dimen166
\l__siunitx_angle_unit_dim=\dimen167
\l__siunitx_unit_int=\count271
\l__siunitx_unit_denominator_int=\count272
\l__siunitx_unit_numerator_int=\count273
\l__siunitx_unit_prefix_int=\count274
\l__siunitx_unit_prefix_base_int=\count275
\l__siunitx_unit_prefix_gram_int=\count276
\l__siunitx_number_product_int=\count277
\c__siunitx_one_fill_skip=\skip52
\l__siunitx_table_unit_align_skip=\skip53
\l__siunitx_table_exponent_dim=\dimen168
\l__siunitx_table_integer_dim=\dimen169
\l__siunitx_table_mantissa_dim=\dimen170
\l__siunitx_table_marker_dim=\dimen171
\l__siunitx_table_result_dim=\dimen172
\l__siunitx_table_uncert_dim=\dimen173
\l__siunitx_table_fill_pre_dim=\dimen174
\l__siunitx_table_fill_post_dim=\dimen175
\l__siunitx_table_fill_mid_dim=\dimen176
\l__siunitx_table_pre_box=\box53
\l__siunitx_table_post_box=\box54
\l__siunitx_table_mantissa_box=\box55
\l__siunitx_table_result_box=\box56
\l__siunitx_table_number_align_skip=\skip54
\l__siunitx_table_text_align_skip=\skip55
 (/usr/local/texlive/2021/texmf-dist/tex/latex/translator/translator.sty
Package: translator 2020-08-03 v1.12c Easy translation of strings in LaTeX
)) (/usr/local/texlive/2021/texmf-dist/tex/latex/adjustbox/adjustbox.sty
Package: adjustbox 2020/08/19 v1.3 Adjusting TeX boxes (trim, clip, ...)
 (/usr/local/texlive/2021/texmf-dist/tex/latex/xkeyval/xkeyval.sty
Package: xkeyval 2020/11/20 v2.8 package option processing (HA)
 (/usr/local/texlive/2021/texmf-dist/tex/generic/xkeyval/xkeyval.tex (/usr/local/texlive/2021/texmf-dist/tex/generic/xkeyval/xkvutils.tex
\XKV@toks=\toks19
\XKV@tempa@toks=\toks20
)
\XKV@depth=\count278
File: xkeyval.tex 2014/12/03 v2.7a key=value parser (HA)
)) (/usr/local/texlive/2021/texmf-dist/tex/latex/adjustbox/adjcalc.sty
Package: adjcalc 2012/05/16 v1.1 Provides advanced setlength with multiple back-ends (calc, etex, pgfmath)
) (/usr/local/texlive/2021/texmf-dist/tex/latex/adjustbox/trimclip.sty
Package: trimclip 2020/08/19 v1.2 Trim and clip general TeX material
 (/usr/local/texlive/2021/texmf-dist/tex/latex/collectbox/collectbox.sty
Package: collectbox 2012/05/17 v0.4b Collect macro arguments as boxes
\collectedbox=\box57
)
\tc@llx=\dimen177
\tc@lly=\dimen178
\tc@urx=\dimen179
\tc@ury=\dimen180
Package trimclip Info: Using driver 'tc-pdftex.def'.
 (/usr/local/texlive/2021/texmf-dist/tex/latex/adjustbox/tc-pdftex.def
File: tc-pdftex.def 2019/01/04 v2.2 Clipping driver for pdftex
))
\adjbox@Width=\dimen181
\adjbox@Height=\dimen182
\adjbox@Depth=\dimen183
\adjbox@Totalheight=\dimen184
\adjbox@pwidth=\dimen185
\adjbox@pheight=\dimen186
\adjbox@pdepth=\dimen187
\adjbox@ptotalheight=\dimen188
 (/usr/local/texlive/2021/texmf-dist/tex/latex/ifoddpage/ifoddpage.sty
Package: ifoddpage 2016/04/23 v1.1 Conditionals for odd/even page detection
\c@checkoddpage=\count279
) (/usr/local/texlive/2021/texmf-dist/tex/latex/varwidth/varwidth.sty
Package: varwidth 2009/03/30 ver 0.92;  Variable-width minipages
\@vwid@box=\box58
\sift@deathcycles=\count280
\@vwid@loff=\dimen189
\@vwid@roff=\dimen190
)) (/usr/local/texlive/2021/texmf-dist/tex/latex/multirow/multirow.sty
Package: multirow 2021/03/15 v2.8 Span multiple rows of a table
\multirow@colwidth=\skip56
\multirow@cntb=\count281
\multirow@dima=\skip57
\bigstrutjot=\dimen191
)
LaTeX Font Info:    Trying to load font information for OT1+ptm on input line 18.
 (/usr/local/texlive/2021/texmf-dist/tex/latex/psnfss/ot1ptm.fd
File: ot1ptm.fd 2001/06/04 font definitions for OT1/ptm.
) (/Users/surya/Downloads/18300FinalReport/example/example.aux

LaTeX Warning: Label `tab1' multiply defined.


LaTeX Warning: Label `tab1' multiply defined.


LaTeX Warning: Label `tab1' multiply defined.


LaTeX Warning: Label `tab1' multiply defined.


LaTeX Warning: Label `tab1' multiply defined.


LaTeX Warning: Label `tab1' multiply defined.


LaTeX Warning: Label `tab1' multiply defined.


LaTeX Warning: Label `tab1' multiply defined.


LaTeX Warning: Label `tab1' multiply defined.


LaTeX Warning: Label `tab1' multiply defined.


LaTeX Warning: Label `tab1' multiply defined.


LaTeX Warning: Label `tab1' multiply defined.


LaTeX Warning: Label `tab1' multiply defined.


LaTeX Warning: Label `tab1' multiply defined.


LaTeX Warning: Label `tab1' multiply defined.


LaTeX Warning: Label `tab1' multiply defined.


LaTeX Warning: Label `tab1' multiply defined.


LaTeX Warning: Label `tab1' multiply defined.


LaTeX Warning: Label `tab1' multiply defined.


LaTeX Warning: Label `tab1' multiply defined.


LaTeX Warning: Label `tab1' multiply defined.


LaTeX Warning: Label `tab1' multiply defined.


LaTeX Warning: Label `tab1' multiply defined.


LaTeX Warning: Label `tab1' multiply defined.


LaTeX Warning: Label `tab1' multiply defined.


LaTeX Warning: Label `tab1' multiply defined.


LaTeX Warning: Label `tab1' multiply defined.


LaTeX Warning: Label `tab1' multiply defined.


LaTeX Warning: Label `tab1' multiply defined.


LaTeX Warning: Label `tab1' multiply defined.


LaTeX Warning: Label `tab1' multiply defined.


LaTeX Warning: Label `tab1' multiply defined.


LaTeX Warning: Label `tab1' multiply defined.

)
\openout1 = `example.aux'.

LaTeX Font Info:    Checking defaults for OML/cmm/m/it on input line 18.
LaTeX Font Info:    ... okay on input line 18.
LaTeX Font Info:    Checking defaults for OMS/cmsy/m/n on input line 18.
LaTeX Font Info:    ... okay on input line 18.
LaTeX Font Info:    Checking defaults for OT1/cmr/m/n on input line 18.
LaTeX Font Info:    ... okay on input line 18.
LaTeX Font Info:    Checking defaults for T1/cmr/m/n on input line 18.
LaTeX Font Info:    ... okay on input line 18.
LaTeX Font Info:    Checking defaults for TS1/cmr/m/n on input line 18.
LaTeX Font Info:    ... okay on input line 18.
LaTeX Font Info:    Checking defaults for OMX/cmex/m/n on input line 18.
LaTeX Font Info:    ... okay on input line 18.
LaTeX Font Info:    Checking defaults for U/cmr/m/n on input line 18.
LaTeX Font Info:    ... okay on input line 18.

*geometry* driver: auto-detecting
*geometry* detected driver: pdftex
*geometry* verbose mode - [ preamble ] result:
* driver: pdftex
* paper: a4paper
* layout: <same size as paper>
* layoutoffset:(h,v)=(0.0pt,0.0pt)
* modes: 
* h-part:(L,W,R)=(42.67912pt, 512.14963pt, 42.67912pt)
* v-part:(T,H,B)=(81.09052pt, 682.86581pt, 81.09052pt)
* \paperwidth=597.50787pt
* \paperheight=845.04684pt
* \textwidth=512.14963pt
* \textheight=682.86581pt
* \oddsidemargin=-29.59087pt
* \evensidemargin=-29.59087pt
* \topmargin=-28.17947pt
* \headheight=12.0pt
* \headsep=25.0pt
* \topskip=10.0pt
* \footskip=30.0pt
* \marginparwidth=65.0pt
* \marginparsep=11.0pt
* \columnsep=11.38092pt
* \skip\footins=9.0pt plus 4.0pt minus 2.0pt
* \hoffset=0.0pt
* \voffset=0.0pt
* \mag=1000
* \@twocolumntrue
* \@twosidefalse
* \@mparswitchfalse
* \@reversemarginfalse
* (1in=72.27pt=25.4mm, 1cm=28.453pt)

(/usr/local/texlive/2021/texmf-dist/tex/context/base/mkii/supp-pdf.mkii
[Loading MPS to PDF converter (version 2006.09.02).]
\scratchcounter=\count282
\scratchdimen=\dimen192
\scratchbox=\box59
\nofMPsegments=\count283
\nofMParguments=\count284
\everyMPshowfont=\toks21
\MPscratchCnt=\count285
\MPscratchDim=\dimen193
\MPnumerator=\count286
\makeMPintoPDFobject=\count287
\everyMPtoPDFconversion=\toks22
) (/usr/local/texlive/2021/texmf-dist/tex/latex/epstopdf-pkg/epstopdf-base.sty
Package: epstopdf-base 2020-01-24 v2.11 Base part for package epstopdf
Package epstopdf-base Info: Redefining graphics rule for `.eps' on input line 485.
 (/usr/local/texlive/2021/texmf-dist/tex/latex/latexconfig/epstopdf-sys.cfg
File: epstopdf-sys.cfg 2010/07/13 v1.3 Configuration of (r)epstopdf for TeX Live
)) (/usr/local/texlive/2021/texmf-dist/tex/latex/siunitx/siunitx-abbreviations.cfg
File: siunitx-abbreviations.cfg 2017/11/26 v2.7k siunitx: Abbreviated units
) (/usr/local/texlive/2021/texmf-dist/tex/latex/translator/translator-basic-dictionary-English.dict
Dictionary: translator-basic-dictionary, Language: English 
)
LaTeX Font Info:    Trying to load font information for OT1+lmr on input line 18.
 (/usr/local/texlive/2021/texmf-dist/tex/latex/lm/ot1lmr.fd
File: ot1lmr.fd 2015/05/01 v1.6.1 Font defs for Latin Modern
)
LaTeX Font Info:    Trying to load font information for OML+lmm on input line 18.
 (/usr/local/texlive/2021/texmf-dist/tex/latex/lm/omllmm.fd
File: omllmm.fd 2015/05/01 v1.6.1 Font defs for Latin Modern
)
LaTeX Font Info:    Trying to load font information for OMS+lmsy on input line 18.
 (/usr/local/texlive/2021/texmf-dist/tex/latex/lm/omslmsy.fd
File: omslmsy.fd 2015/05/01 v1.6.1 Font defs for Latin Modern
)
LaTeX Font Info:    Trying to load font information for OMX+lmex on input line 18.
 (/usr/local/texlive/2021/texmf-dist/tex/latex/lm/omxlmex.fd
File: omxlmex.fd 2015/05/01 v1.6.1 Font defs for Latin Modern
)
LaTeX Font Info:    External font `lmex10' loaded for size
(Font)              <10> on input line 18.
LaTeX Font Info:    External font `lmex10' loaded for size
(Font)              <7> on input line 18.
LaTeX Font Info:    External font `lmex10' loaded for size
(Font)              <5> on input line 18.
LaTeX Font Info:    Trying to load font information for OT1+lmss on input line 18.
 (/usr/local/texlive/2021/texmf-dist/tex/latex/lm/ot1lmss.fd
File: ot1lmss.fd 2015/05/01 v1.6.1 Font defs for Latin Modern
)
LaTeX Font Info:    Trying to load font information for OT1+lmtt on input line 18.
 (/usr/local/texlive/2021/texmf-dist/tex/latex/lm/ot1lmtt.fd
File: ot1lmtt.fd 2015/05/01 v1.6.1 Font defs for Latin Modern
)
LaTeX Font Info:    External font `lmex10' loaded for size
(Font)              <12> on input line 31.
LaTeX Font Info:    External font `lmex10' loaded for size
(Font)              <8> on input line 31.
LaTeX Font Info:    External font `lmex10' loaded for size
(Font)              <6> on input line 31.
Package epstopdf Info: Source file: <fig1.eps>
(epstopdf)                    date: 2023-12-09 19:51:30
(epstopdf)                    size: 1155157 bytes
(epstopdf)             Output file: <fig1-eps-converted-to.pdf>
(epstopdf)                    date: 2023-12-09 19:51:30
(epstopdf)                    size: 41326 bytes
(epstopdf)             Command: <repstopdf --outfile=fig1-eps-converted-to.pdf fig1.eps>
(epstopdf)             \includegraphics on input line 44.
Package epstopdf Info: Output file is already uptodate.


pdfTeX warning: pdflatex (file /Users/surya/Downloads/18300FinalReport/example/fig1-eps-converted-to.pdf): PDF inclusion: found PDF version <1.7>, but at most version <1.5> allowed
<fig1-eps-converted-to.pdf, id=1, 326.21875pt x 146.5475pt>
File: fig1-eps-converted-to.pdf Graphic file (type pdf)
<use fig1-eps-converted-to.pdf>
Package pdftex.def Info: fig1-eps-converted-to.pdf  used on input line 44.
(pdftex.def)             Requested size: 241.84842pt x 108.64915pt.
Package epstopdf Info: Source file: <fig2.eps>
(epstopdf)                    date: 2023-12-09 19:51:30
(epstopdf)                    size: 708164 bytes
(epstopdf)             Output file: <fig2-eps-converted-to.pdf>
(epstopdf)                    date: 2023-12-09 19:51:30
(epstopdf)                    size: 36682 bytes
(epstopdf)             Command: <repstopdf --outfile=fig2-eps-converted-to.pdf fig2.eps>
(epstopdf)             \includegraphics on input line 51.
Package epstopdf Info: Output file is already uptodate.


pdfTeX warning: pdflatex (file /Users/surya/Downloads/18300FinalReport/example/fig2-eps-converted-to.pdf): PDF inclusion: found PDF version <1.7>, but at most version <1.5> allowed
<fig2-eps-converted-to.pdf, id=2, 508.90125pt x 228.855pt>
File: fig2-eps-converted-to.pdf Graphic file (type pdf)
<use fig2-eps-converted-to.pdf>
Package pdftex.def Info: fig2-eps-converted-to.pdf  used on input line 51.
(pdftex.def)             Requested size: 241.84842pt x 108.75963pt.
Package epstopdf Info: Source file: <fig3.eps>
(epstopdf)                    date: 2023-12-09 19:51:30
(epstopdf)                    size: 33800 bytes
(epstopdf)             Output file: <fig3-eps-converted-to.pdf>
(epstopdf)                    date: 2023-12-09 19:51:30
(epstopdf)                    size: 12230 bytes
(epstopdf)             Command: <repstopdf --outfile=fig3-eps-converted-to.pdf fig3.eps>
(epstopdf)             \includegraphics on input line 57.
Package epstopdf Info: Output file is already uptodate.


pdfTeX warning: pdflatex (file /Users/surya/Downloads/18300FinalReport/example/fig3-eps-converted-to.pdf): PDF inclusion: found PDF version <1.7>, but at most version <1.5> allowed
<fig3-eps-converted-to.pdf, id=3, 1097.09875pt x 707.64375pt>
File: fig3-eps-converted-to.pdf Graphic file (type pdf)
<use fig3-eps-converted-to.pdf>
Package pdftex.def Info: fig3-eps-converted-to.pdf  used on input line 57.
(pdftex.def)             Requested size: 241.84842pt x 155.99524pt.

LaTeX Warning: `h' float specifier changed to `ht'.

Package epstopdf Info: Source file: <fig4.eps>
(epstopdf)                    date: 2023-12-09 19:51:30
(epstopdf)                    size: 217381 bytes
(epstopdf)             Output file: <fig4-eps-converted-to.pdf>
(epstopdf)                    date: 2023-12-09 19:51:30
(epstopdf)                    size: 71131 bytes
(epstopdf)             Command: <repstopdf --outfile=fig4-eps-converted-to.pdf fig4.eps>
(epstopdf)             \includegraphics on input line 75.
Package epstopdf Info: Output file is already uptodate.


pdfTeX warning: pdflatex (file /Users/surya/Downloads/18300FinalReport/example/fig4-eps-converted-to.pdf): PDF inclusion: found PDF version <1.7>, but at most version <1.5> allowed
<fig4-eps-converted-to.pdf, id=4, 901.3675pt x 737.75626pt>
File: fig4-eps-converted-to.pdf Graphic file (type pdf)
<use fig4-eps-converted-to.pdf>
Package pdftex.def Info: fig4-eps-converted-to.pdf  used on input line 75.
(pdftex.def)             Requested size: 241.84842pt x 197.9473pt.

LaTeX Warning: `h' float specifier changed to `ht'.


Underfull \vbox (badness 2080) has occurred while \output is active []

 [1{/usr/local/texlive/2021/texmf-var/fonts/map/pdftex/updmap/pdftex.map}



 </Users/surya/Downloads/18300FinalReport/example/fig1-eps-converted-to.pdf> </Users/surya/Downloads/18300FinalReport/example/fig2-eps-converted-to.pdf> </Users/surya/Downloads/18300FinalReport/example/fig3-eps-converted-to.pdf>]
Package epstopdf Info: Source file: <fig5.eps>
(epstopdf)                    date: 2023-12-09 19:51:30
(epstopdf)                    size: 1504804 bytes
(epstopdf)             Output file: <fig5-eps-converted-to.pdf>
(epstopdf)                    date: 2023-12-09 19:51:30
(epstopdf)                    size: 43489 bytes
(epstopdf)             Command: <repstopdf --outfile=fig5-eps-converted-to.pdf fig5.eps>
(epstopdf)             \includegraphics on input line 97.
Package epstopdf Info: Output file is already uptodate.


pdfTeX warning: pdflatex (file /Users/surya/Downloads/18300FinalReport/example/fig5-eps-converted-to.pdf): PDF inclusion: found PDF version <1.7>, but at most version <1.5> allowed
<fig5-eps-converted-to.pdf, id=23, 298.11375pt x 208.78pt>
File: fig5-eps-converted-to.pdf Graphic file (type pdf)
<use fig5-eps-converted-to.pdf>
Package pdftex.def Info: fig5-eps-converted-to.pdf  used on input line 97.
(pdftex.def)             Requested size: 241.84842pt x 169.37526pt.

LaTeX Warning: `h' float specifier changed to `ht'.

[2 </Users/surya/Downloads/18300FinalReport/example/fig4-eps-converted-to.pdf> </Users/surya/Downloads/18300FinalReport/example/fig5-eps-converted-to.pdf>]
Package epstopdf Info: Source file: <fig6.eps>
(epstopdf)                    date: 2023-12-09 19:51:30
(epstopdf)                    size: 620067 bytes
(epstopdf)             Output file: <fig6-eps-converted-to.pdf>
(epstopdf)                    date: 2023-12-09 19:51:30
(epstopdf)                    size: 29211 bytes
(epstopdf)             Command: <repstopdf --outfile=fig6-eps-converted-to.pdf fig6.eps>
(epstopdf)             \includegraphics on input line 146.
Package epstopdf Info: Output file is already uptodate.


pdfTeX warning: pdflatex (file /Users/surya/Downloads/18300FinalReport/example/fig6-eps-converted-to.pdf): PDF inclusion: found PDF version <1.7>, but at most version <1.5> allowed
<fig6-eps-converted-to.pdf, id=33, 289.08pt x 263.98625pt>
File: fig6-eps-converted-to.pdf Graphic file (type pdf)
<use fig6-eps-converted-to.pdf>
Package pdftex.def Info: fig6-eps-converted-to.pdf  used on input line 146.
(pdftex.def)             Requested size: 241.84842pt x 220.85269pt.
Package epstopdf Info: Source file: <fig7.eps>
(epstopdf)                    date: 2023-12-09 19:51:30
(epstopdf)                    size: 65810 bytes
(epstopdf)             Output file: <fig7-eps-converted-to.pdf>
(epstopdf)                    date: 2023-12-09 19:51:30
(epstopdf)                    size: 21961 bytes
(epstopdf)             Command: <repstopdf --outfile=fig7-eps-converted-to.pdf fig7.eps>
(epstopdf)             \includegraphics on input line 158.
Package epstopdf Info: Output file is already uptodate.


pdfTeX warning: pdflatex (file /Users/surya/Downloads/18300FinalReport/example/fig7-eps-converted-to.pdf): PDF inclusion: found PDF version <1.7>, but at most version <1.5> allowed
<fig7-eps-converted-to.pdf, id=34, 490.83376pt x 377.41pt>
File: fig7-eps-converted-to.pdf Graphic file (type pdf)
<use fig7-eps-converted-to.pdf>
Package pdftex.def Info: fig7-eps-converted-to.pdf  used on input line 158.
(pdftex.def)             Requested size: 241.84842pt x 185.95758pt.

LaTeX Warning: `h' float specifier changed to `ht'.

Package epstopdf Info: Source file: <fig8.eps>
(epstopdf)                    date: 2023-12-09 19:51:30
(epstopdf)                    size: 17172 bytes
(epstopdf)             Output file: <fig8-eps-converted-to.pdf>
(epstopdf)                    date: 2023-12-09 19:51:30
(epstopdf)                    size: 6964 bytes
(epstopdf)             Command: <repstopdf --outfile=fig8-eps-converted-to.pdf fig8.eps>
(epstopdf)             \includegraphics on input line 178.
Package epstopdf Info: Output file is already uptodate.


pdfTeX warning: pdflatex (file /Users/surya/Downloads/18300FinalReport/example/fig8-eps-converted-to.pdf): PDF inclusion: found PDF version <1.7>, but at most version <1.5> allowed
<fig8-eps-converted-to.pdf, id=35, 919.435pt x 463.7325pt>
File: fig8-eps-converted-to.pdf Graphic file (type pdf)
<use fig8-eps-converted-to.pdf>
Package pdftex.def Info: fig8-eps-converted-to.pdf  used on input line 178.
(pdftex.def)             Requested size: 241.84842pt x 121.97572pt.

LaTeX Warning: `h' float specifier changed to `ht'.


Underfull \vbox (badness 3088) has occurred while \output is active []

 [3 </Users/surya/Downloads/18300FinalReport/example/fig6-eps-converted-to.pdf> </Users/surya/Downloads/18300FinalReport/example/fig7-eps-converted-to.pdf>]
Package epstopdf Info: Source file: <fig9.eps>
(epstopdf)                    date: 2023-12-09 19:51:30
(epstopdf)                    size: 1534886 bytes
(epstopdf)             Output file: <fig9-eps-converted-to.pdf>
(epstopdf)                    date: 2023-12-09 19:51:30
(epstopdf)                    size: 51761 bytes
(epstopdf)             Command: <repstopdf --outfile=fig9-eps-converted-to.pdf fig9.eps>
(epstopdf)             \includegraphics on input line 231.
Package epstopdf Info: Output file is already uptodate.


pdfTeX warning: pdflatex (file /Users/surya/Downloads/18300FinalReport/example/fig9-eps-converted-to.pdf): PDF inclusion: found PDF version <1.7>, but at most version <1.5> allowed
<fig9-eps-converted-to.pdf, id=44, 514.92375pt x 368.37625pt>
File: fig9-eps-converted-to.pdf Graphic file (type pdf)
<use fig9-eps-converted-to.pdf>
Package pdftex.def Info: fig9-eps-converted-to.pdf  used on input line 231.
(pdftex.def)             Requested size: 241.84842pt x 173.01318pt.
Package epstopdf Info: Source file: <fig10.eps>
(epstopdf)                    date: 2023-12-09 19:51:30
(epstopdf)                    size: 596363 bytes
(epstopdf)             Output file: <fig10-eps-converted-to.pdf>
(epstopdf)                    date: 2023-12-09 19:51:30
(epstopdf)                    size: 15610 bytes
(epstopdf)             Command: <repstopdf --outfile=fig10-eps-converted-to.pdf fig10.eps>
(epstopdf)             \includegraphics on input line 244.
Package epstopdf Info: Output file is already uptodate.


pdfTeX warning: pdflatex (file /Users/surya/Downloads/18300FinalReport/example/fig10-eps-converted-to.pdf): PDF inclusion: found PDF version <1.7>, but at most version <1.5> allowed
<fig10-eps-converted-to.pdf, id=45, 393.47pt x 186.6975pt>
File: fig10-eps-converted-to.pdf Graphic file (type pdf)
<use fig10-eps-converted-to.pdf>
Package pdftex.def Info: fig10-eps-converted-to.pdf  used on input line 244.
(pdftex.def)             Requested size: 241.84842pt x 114.75418pt.
[4 </Users/surya/Downloads/18300FinalReport/example/fig8-eps-converted-to.pdf> </Users/surya/Downloads/18300FinalReport/example/fig9-eps-converted-to.pdf>]
Package epstopdf Info: Source file: <fig11.eps>
(epstopdf)                    date: 2023-12-09 19:51:30
(epstopdf)                    size: 76994 bytes
(epstopdf)             Output file: <fig11-eps-converted-to.pdf>
(epstopdf)                    date: 2023-12-09 19:51:30
(epstopdf)                    size: 7539 bytes
(epstopdf)             Command: <repstopdf --outfile=fig11-eps-converted-to.pdf fig11.eps>
(epstopdf)             \includegraphics on input line 252.
Package epstopdf Info: Output file is already uptodate.


pdfTeX warning: pdflatex (file /Users/surya/Downloads/18300FinalReport/example/fig11-eps-converted-to.pdf): PDF inclusion: found PDF version <1.7>, but at most version <1.5> allowed
<fig11-eps-converted-to.pdf, id=54, 93.34875pt x 95.35625pt>
File: fig11-eps-converted-to.pdf Graphic file (type pdf)
<use fig11-eps-converted-to.pdf>
Package pdftex.def Info: fig11-eps-converted-to.pdf  used on input line 252.
(pdftex.def)             Requested size: 241.84842pt x 247.0619pt.

LaTeX Warning: `h' float specifier changed to `ht'.

Package epstopdf Info: Source file: <fig12.eps>
(epstopdf)                    date: 2023-12-09 19:51:30
(epstopdf)                    size: 5257548 bytes
(epstopdf)             Output file: <fig12-eps-converted-to.pdf>
(epstopdf)                    date: 2023-12-09 19:51:30
(epstopdf)                    size: 144277 bytes
(epstopdf)             Command: <repstopdf --outfile=fig12-eps-converted-to.pdf fig12.eps>
(epstopdf)             \includegraphics on input line 264.
Package epstopdf Info: Output file is already uptodate.


pdfTeX warning: pdflatex (file /Users/surya/Downloads/18300FinalReport/example/fig12-eps-converted-to.pdf): PDF inclusion: found PDF version <1.7>, but at most version <1.5> allowed
<fig12-eps-converted-to.pdf, id=55, 519.9425pt x 419.5675pt>
File: fig12-eps-converted-to.pdf Graphic file (type pdf)
<use fig12-eps-converted-to.pdf>
Package pdftex.def Info: fig12-eps-converted-to.pdf  used on input line 264.
(pdftex.def)             Requested size: 241.84842pt x 195.16089pt.

LaTeX Warning: `h' float specifier changed to `ht'.


Overfull \hbox (30.7531pt too wide) in paragraph at lines 277--325
[][] 
 []


LaTeX Warning: `h' float specifier changed to `ht'.

[5 </Users/surya/Downloads/18300FinalReport/example/fig10-eps-converted-to.pdf> </Users/surya/Downloads/18300FinalReport/example/fig11-eps-converted-to.pdf>]
LaTeX Font Info:    Trying to load font information for TS1+ptm on input line 367.
 (/usr/local/texlive/2021/texmf-dist/tex/latex/psnfss/ts1ptm.fd
File: ts1ptm.fd 2001/06/04 font definitions for TS1/ptm.
)
Package epstopdf Info: Source file: <fig13.eps>
(epstopdf)                    date: 2023-12-09 19:51:30
(epstopdf)                    size: 4026876 bytes
(epstopdf)             Output file: <fig13-eps-converted-to.pdf>
(epstopdf)                    date: 2023-12-09 19:51:30
(epstopdf)                    size: 148933 bytes
(epstopdf)             Command: <repstopdf --outfile=fig13-eps-converted-to.pdf fig13.eps>
(epstopdf)             \includegraphics on input line 372.
Package epstopdf Info: Output file is already uptodate.


pdfTeX warning: pdflatex (file /Users/surya/Downloads/18300FinalReport/example/fig13-eps-converted-to.pdf): PDF inclusion: found PDF version <1.7>, but at most version <1.5> allowed
<fig13-eps-converted-to.pdf, id=65, 484.81125pt x 343.2825pt>
File: fig13-eps-converted-to.pdf Graphic file (type pdf)
<use fig13-eps-converted-to.pdf>
Package pdftex.def Info: fig13-eps-converted-to.pdf  used on input line 372.
(pdftex.def)             Requested size: 241.84842pt x 171.24796pt.

LaTeX Warning: `h' float specifier changed to `ht'.

Package epstopdf Info: Source file: <fig14.eps>
(epstopdf)                    date: 2023-12-09 19:51:30
(epstopdf)                    size: 3123892 bytes
(epstopdf)             Output file: <fig14-eps-converted-to.pdf>
(epstopdf)                    date: 2023-12-09 19:51:30
(epstopdf)                    size: 148738 bytes
(epstopdf)             Command: <repstopdf --outfile=fig14-eps-converted-to.pdf fig14.eps>
(epstopdf)             \includegraphics on input line 399.
Package epstopdf Info: Output file is already uptodate.


pdfTeX warning: pdflatex (file /Users/surya/Downloads/18300FinalReport/example/fig14-eps-converted-to.pdf): PDF inclusion: found PDF version <1.7>, but at most version <1.5> allowed
<fig14-eps-converted-to.pdf, id=66, 392.46625pt x 330.23375pt>
File: fig14-eps-converted-to.pdf Graphic file (type pdf)
<use fig14-eps-converted-to.pdf>
Package pdftex.def Info: fig14-eps-converted-to.pdf  used on input line 399.
(pdftex.def)             Requested size: 241.84842pt x 203.5032pt.
[6 </Users/surya/Downloads/18300FinalReport/example/fig12-eps-converted-to.pdf>]
Package epstopdf Info: Source file: <fig15.eps>
(epstopdf)                    date: 2023-12-09 19:51:30
(epstopdf)                    size: 1762994 bytes
(epstopdf)             Output file: <fig15-eps-converted-to.pdf>
(epstopdf)                    date: 2023-12-09 19:51:30
(epstopdf)                    size: 51729 bytes
(epstopdf)             Command: <repstopdf --outfile=fig15-eps-converted-to.pdf fig15.eps>
(epstopdf)             \includegraphics on input line 407.
Package epstopdf Info: Output file is already uptodate.


pdfTeX warning: pdflatex (file /Users/surya/Downloads/18300FinalReport/example/fig15-eps-converted-to.pdf): PDF inclusion: found PDF version <1.7>, but at most version <1.5> allowed
<fig15-eps-converted-to.pdf, id=74, 542.025pt x 134.5025pt>
File: fig15-eps-converted-to.pdf Graphic file (type pdf)
<use fig15-eps-converted-to.pdf>
Package pdftex.def Info: fig15-eps-converted-to.pdf  used on input line 407.
(pdftex.def)             Requested size: 241.84842pt x 60.01451pt.

LaTeX Warning: `h' float specifier changed to `ht'.

Package epstopdf Info: Source file: <fig16.eps>
(epstopdf)                    date: 2023-12-09 19:51:30
(epstopdf)                    size: 3044481 bytes
(epstopdf)             Output file: <fig16-eps-converted-to.pdf>
(epstopdf)                    date: 2023-12-09 19:51:30
(epstopdf)                    size: 240802 bytes
(epstopdf)             Command: <repstopdf --outfile=fig16-eps-converted-to.pdf fig16.eps>
(epstopdf)             \includegraphics on input line 417.
Package epstopdf Info: Output file is already uptodate.


pdfTeX warning: pdflatex (file /Users/surya/Downloads/18300FinalReport/example/fig16-eps-converted-to.pdf): PDF inclusion: found PDF version <1.7>, but at most version <1.5> allowed
<fig16-eps-converted-to.pdf, id=75, 366.36874pt x 343.2825pt>
File: fig16-eps-converted-to.pdf Graphic file (type pdf)
<use fig16-eps-converted-to.pdf>
Package pdftex.def Info: fig16-eps-converted-to.pdf  used on input line 417.
(pdftex.def)             Requested size: 241.84842pt x 226.60904pt.
[7 </Users/surya/Downloads/18300FinalReport/example/fig13-eps-converted-to.pdf> </Users/surya/Downloads/18300FinalReport/example/fig14-eps-converted-to.pdf> </Users/surya/Downloads/18300FinalReport/example/fig15-eps-converted-to.pdf> </Users/surya/Downloads/18300FinalReport/example/fig16-eps-converted-to.pdf>]
Package epstopdf Info: Source file: <fig17.eps>
(epstopdf)                    date: 2023-12-09 19:51:30
(epstopdf)                    size: 2458289 bytes
(epstopdf)             Output file: <fig17-eps-converted-to.pdf>
(epstopdf)                    date: 2023-12-09 19:51:30
(epstopdf)                    size: 126658 bytes
(epstopdf)             Command: <repstopdf --outfile=fig17-eps-converted-to.pdf fig17.eps>
(epstopdf)             \includegraphics on input line 437.
Package epstopdf Info: Output file is already uptodate.


pdfTeX warning: pdflatex (file /Users/surya/Downloads/18300FinalReport/example/fig17-eps-converted-to.pdf): PDF inclusion: found PDF version <1.7>, but at most version <1.5> allowed
<fig17-eps-converted-to.pdf, id=92, 327.2225pt x 311.1625pt>
File: fig17-eps-converted-to.pdf Graphic file (type pdf)
<use fig17-eps-converted-to.pdf>
Package pdftex.def Info: fig17-eps-converted-to.pdf  used on input line 437.
(pdftex.def)             Requested size: 241.84842pt x 229.97652pt.
Package epstopdf Info: Source file: <fig18.eps>
(epstopdf)                    date: 2023-12-09 19:51:30
(epstopdf)                    size: 3093070 bytes
(epstopdf)             Output file: <fig18-eps-converted-to.pdf>
(epstopdf)                    date: 2023-12-09 19:51:30
(epstopdf)                    size: 284519 bytes
(epstopdf)             Command: <repstopdf --outfile=fig18-eps-converted-to.pdf fig18.eps>
(epstopdf)             \includegraphics on input line 447.
Package epstopdf Info: Output file is already uptodate.


pdfTeX warning: pdflatex (file /Users/surya/Downloads/18300FinalReport/example/fig18-eps-converted-to.pdf): PDF inclusion: found PDF version <1.7>, but at most version <1.5> allowed
<fig18-eps-converted-to.pdf, id=93, 366.36874pt x 348.30125pt>
File: fig18-eps-converted-to.pdf Graphic file (type pdf)
<use fig18-eps-converted-to.pdf>
Package pdftex.def Info: fig18-eps-converted-to.pdf  used on input line 447.
(pdftex.def)             Requested size: 241.84842pt x 229.92204pt.

LaTeX Warning: `h' float specifier changed to `ht'.

Package epstopdf Info: Source file: <fig19.eps>
(epstopdf)                    date: 2023-12-09 19:51:30
(epstopdf)                    size: 1941457 bytes
(epstopdf)             Output file: <fig19-eps-converted-to.pdf>
(epstopdf)                    date: 2023-12-09 19:51:32
(epstopdf)                    size: 49366 bytes
(epstopdf)             Command: <repstopdf --outfile=fig19-eps-converted-to.pdf fig19.eps>
(epstopdf)             \includegraphics on input line 466.
Package epstopdf Info: Output file is already uptodate.


pdfTeX warning: pdflatex (file /Users/surya/Downloads/18300FinalReport/example/fig19-eps-converted-to.pdf): PDF inclusion: found PDF version <1.7>, but at most version <1.5> allowed
<fig19-eps-converted-to.pdf, id=94, 698.61pt x 115.43124pt>
File: fig19-eps-converted-to.pdf Graphic file (type pdf)
<use fig19-eps-converted-to.pdf>
Package pdftex.def Info: fig19-eps-converted-to.pdf  used on input line 466.
(pdftex.def)             Requested size: 241.84842pt x 39.9612pt.

LaTeX Warning: `h' float specifier changed to `ht'.

Package epstopdf Info: Source file: <fig20.eps>
(epstopdf)                    date: 2023-12-09 19:51:32
(epstopdf)                    size: 2610331 bytes
(epstopdf)             Output file: <fig20-eps-converted-to.pdf>
(epstopdf)                    date: 2023-12-09 19:51:32
(epstopdf)                    size: 85230 bytes
(epstopdf)             Command: <repstopdf --outfile=fig20-eps-converted-to.pdf fig20.eps>
(epstopdf)             \includegraphics on input line 478.
Package epstopdf Info: Output file is already uptodate.


pdfTeX warning: pdflatex (file /Users/surya/Downloads/18300FinalReport/example/fig20-eps-converted-to.pdf): PDF inclusion: found PDF version <1.7>, but at most version <1.5> allowed
<fig20-eps-converted-to.pdf, id=95, 678.535pt x 636.3775pt>
File: fig20-eps-converted-to.pdf Graphic file (type pdf)
<use fig20-eps-converted-to.pdf>
Package pdftex.def Info: fig20-eps-converted-to.pdf  used on input line 478.
(pdftex.def)             Requested size: 241.84842pt x 226.8138pt.

LaTeX Warning: `h' float specifier changed to `ht'.

Package epstopdf Info: Source file: <fig21.eps>
(epstopdf)                    date: 2023-12-09 19:51:32
(epstopdf)                    size: 2349218 bytes
(epstopdf)             Output file: <fig21-eps-converted-to.pdf>
(epstopdf)                    date: 2023-12-09 19:51:32
(epstopdf)                    size: 171641 bytes
(epstopdf)             Command: <repstopdf --outfile=fig21-eps-converted-to.pdf fig21.eps>
(epstopdf)             \includegraphics on input line 484.
Package epstopdf Info: Output file is already uptodate.


pdfTeX warning: pdflatex (file /Users/surya/Downloads/18300FinalReport/example/fig21-eps-converted-to.pdf): PDF inclusion: found PDF version <1.7>, but at most version <1.5> allowed
<fig21-eps-converted-to.pdf, id=96, 628.3475pt x 618.31pt>
File: fig21-eps-converted-to.pdf Graphic file (type pdf)
<use fig21-eps-converted-to.pdf>
Package pdftex.def Info: fig21-eps-converted-to.pdf  used on input line 484.
(pdftex.def)             Requested size: 241.84842pt x 237.97932pt.

LaTeX Warning: `h' float specifier changed to `ht'.

[8 </Users/surya/Downloads/18300FinalReport/example/fig17-eps-converted-to.pdf> </Users/surya/Downloads/18300FinalReport/example/fig18-eps-converted-to.pdf> </Users/surya/Downloads/18300FinalReport/example/fig19-eps-converted-to.pdf>]
Package epstopdf Info: Source file: <fig22.eps>
(epstopdf)                    date: 2023-12-09 19:51:32
(epstopdf)                    size: 4414356 bytes
(epstopdf)             Output file: <fig22-eps-converted-to.pdf>
(epstopdf)                    date: 2023-12-09 19:51:32
(epstopdf)                    size: 148645 bytes
(epstopdf)             Command: <repstopdf --outfile=fig22-eps-converted-to.pdf fig22.eps>
(epstopdf)             \includegraphics on input line 507.
Package epstopdf Info: Output file is already uptodate.


pdfTeX warning: pdflatex (file /Users/surya/Downloads/18300FinalReport/example/fig22-eps-converted-to.pdf): PDF inclusion: found PDF version <1.7>, but at most version <1.5> allowed
<fig22-eps-converted-to.pdf, id=109, 1090.0725pt x 670.505pt>
File: fig22-eps-converted-to.pdf Graphic file (type pdf)
<use fig22-eps-converted-to.pdf>
Package pdftex.def Info: fig22-eps-converted-to.pdf  used on input line 507.
(pdftex.def)             Requested size: 284.52756pt x 175.01266pt.

Overfull \hbox (34.1432pt too wide) in paragraph at lines 507--508
 [][] 
 []


LaTeX Warning: `h' float specifier changed to `ht'.

[9 </Users/surya/Downloads/18300FinalReport/example/fig20-eps-converted-to.pdf> </Users/surya/Downloads/18300FinalReport/example/fig21-eps-converted-to.pdf>]
Package epstopdf Info: Source file: <fig23.eps>
(epstopdf)                    date: 2023-12-09 19:51:32
(epstopdf)                    size: 3790549 bytes
(epstopdf)             Output file: <fig23-eps-converted-to.pdf>
(epstopdf)                    date: 2023-12-09 19:51:32
(epstopdf)                    size: 117385 bytes
(epstopdf)             Command: <repstopdf --outfile=fig23-eps-converted-to.pdf fig23.eps>
(epstopdf)             \includegraphics on input line 544.
Package epstopdf Info: Output file is already uptodate.


pdfTeX warning: pdflatex (file /Users/surya/Downloads/18300FinalReport/example/fig23-eps-converted-to.pdf): PDF inclusion: found PDF version <1.7>, but at most version <1.5> allowed
<fig23-eps-converted-to.pdf, id=119, 990.70125pt x 633.36626pt>
File: fig23-eps-converted-to.pdf Graphic file (type pdf)
<use fig23-eps-converted-to.pdf>
Package pdftex.def Info: fig23-eps-converted-to.pdf  used on input line 544.
(pdftex.def)             Requested size: 284.52756pt x 181.90292pt.

Overfull \hbox (34.1432pt too wide) in paragraph at lines 544--546
 [][] 
 []

Package epstopdf Info: Source file: <fig24.eps>
(epstopdf)                    date: 2023-12-09 19:51:32
(epstopdf)                    size: 3428395 bytes
(epstopdf)             Output file: <fig24-eps-converted-to.pdf>
(epstopdf)                    date: 2023-12-09 19:51:32
(epstopdf)                    size: 102177 bytes
(epstopdf)             Command: <repstopdf --outfile=fig24-eps-converted-to.pdf fig24.eps>
(epstopdf)             \includegraphics on input line 566.
Package epstopdf Info: Output file is already uptodate.


pdfTeX warning: pdflatex (file /Users/surya/Downloads/18300FinalReport/example/fig24-eps-converted-to.pdf): PDF inclusion: found PDF version <1.7>, but at most version <1.5> allowed
<fig24-eps-converted-to.pdf, id=120, 937.5025pt x 605.26125pt>
File: fig24-eps-converted-to.pdf Graphic file (type pdf)
<use fig24-eps-converted-to.pdf>
Package pdftex.def Info: fig24-eps-converted-to.pdf  used on input line 566.
(pdftex.def)             Requested size: 284.52756pt x 183.68547pt.

Overfull \hbox (34.1432pt too wide) in paragraph at lines 566--567
 [][] 
 []

Package epstopdf Info: Source file: <fig25.eps>
(epstopdf)                    date: 2023-12-09 19:51:32
(epstopdf)                    size: 3488871 bytes
(epstopdf)             Output file: <fig25-eps-converted-to.pdf>
(epstopdf)                    date: 2023-12-09 19:51:32
(epstopdf)                    size: 93479 bytes
(epstopdf)             Command: <repstopdf --outfile=fig25-eps-converted-to.pdf fig25.eps>
(epstopdf)             \includegraphics on input line 586.
Package epstopdf Info: Output file is already uptodate.


pdfTeX warning: pdflatex (file /Users/surya/Downloads/18300FinalReport/example/fig25-eps-converted-to.pdf): PDF inclusion: found PDF version <1.7>, but at most version <1.5> allowed
<fig25-eps-converted-to.pdf, id=121, 1032.85875pt x 559.08875pt>
File: fig25-eps-converted-to.pdf Graphic file (type pdf)
<use fig25-eps-converted-to.pdf>
Package pdftex.def Info: fig25-eps-converted-to.pdf  used on input line 586.
(pdftex.def)             Requested size: 284.52756pt x 154.01007pt.

Overfull \hbox (34.1432pt too wide) in paragraph at lines 586--587
 [][] 
 []


LaTeX Warning: `h' float specifier changed to `ht'.

[10 </Users/surya/Downloads/18300FinalReport/example/fig22-eps-converted-to.pdf> </Users/surya/Downloads/18300FinalReport/example/fig23-eps-converted-to.pdf> </Users/surya/Downloads/18300FinalReport/example/fig24-eps-converted-to.pdf>]
Package epstopdf Info: Source file: <fig26.eps>
(epstopdf)                    date: 2023-12-09 19:51:32
(epstopdf)                    size: 4377822 bytes
(epstopdf)             Output file: <fig26-eps-converted-to.pdf>
(epstopdf)                    date: 2023-12-09 19:51:32
(epstopdf)                    size: 128823 bytes
(epstopdf)             Command: <repstopdf --outfile=fig26-eps-converted-to.pdf fig26.eps>
(epstopdf)             \includegraphics on input line 601.
Package epstopdf Info: Output file is already uptodate.


pdfTeX warning: pdflatex (file /Users/surya/Downloads/18300FinalReport/example/fig26-eps-converted-to.pdf): PDF inclusion: found PDF version <1.7>, but at most version <1.5> allowed
<fig26-eps-converted-to.pdf, id=134, 1081.03876pt x 670.505pt>
File: fig26-eps-converted-to.pdf Graphic file (type pdf)
<use fig26-eps-converted-to.pdf>
Package pdftex.def Info: fig26-eps-converted-to.pdf  used on input line 601.
(pdftex.def)             Requested size: 256.0748pt x 158.82712pt.

Overfull \hbox (5.69044pt too wide) in paragraph at lines 601--602
 [][] 
 []

Package epstopdf Info: Source file: <fig27.eps>
(epstopdf)                    date: 2023-12-09 19:51:32
(epstopdf)                    size: 2193078 bytes
(epstopdf)             Output file: <fig27-eps-converted-to.pdf>
(epstopdf)                    date: 2023-12-09 19:51:34
(epstopdf)                    size: 51727 bytes
(epstopdf)             Command: <repstopdf --outfile=fig27-eps-converted-to.pdf fig27.eps>
(epstopdf)             \includegraphics on input line 620.
Package epstopdf Info: Output file is already uptodate.


pdfTeX warning: pdflatex (file /Users/surya/Downloads/18300FinalReport/example/fig27-eps-converted-to.pdf): PDF inclusion: found PDF version <1.7>, but at most version <1.5> allowed
<fig27-eps-converted-to.pdf, id=135, 810.02625pt x 447.6725pt>
File: fig27-eps-converted-to.pdf Graphic file (type pdf)
<use fig27-eps-converted-to.pdf>
Package pdftex.def Info: fig27-eps-converted-to.pdf  used on input line 620.
(pdftex.def)             Requested size: 284.52756pt x 157.24785pt.

Overfull \hbox (34.1432pt too wide) in paragraph at lines 620--621
 [][] 
 []


Underfull \vbox (badness 4291) has occurred while \output is active []


Underfull \vbox (badness 10000) has occurred while \output is active []

 [11 </Users/surya/Downloads/18300FinalReport/example/fig25-eps-converted-to.pdf> </Users/surya/Downloads/18300FinalReport/example/fig26-eps-converted-to.pdf> </Users/surya/Downloads/18300FinalReport/example/fig27-eps-converted-to.pdf>]
Package epstopdf Info: Source file: <fig28.eps>
(epstopdf)                    date: 2023-12-09 19:51:34
(epstopdf)                    size: 2209036 bytes
(epstopdf)             Output file: <fig28-eps-converted-to.pdf>
(epstopdf)                    date: 2023-12-09 19:51:34
(epstopdf)                    size: 71743 bytes
(epstopdf)             Command: <repstopdf --outfile=fig28-eps-converted-to.pdf fig28.eps>
(epstopdf)             \includegraphics on input line 670.
Package epstopdf Info: Output file is already uptodate.


pdfTeX warning: pdflatex (file /Users/surya/Downloads/18300FinalReport/example/fig28-eps-converted-to.pdf): PDF inclusion: found PDF version <1.7>, but at most version <1.5> allowed
<fig28-eps-converted-to.pdf, id=148, 780.9175pt x 467.7475pt>
File: fig28-eps-converted-to.pdf Graphic file (type pdf)
<use fig28-eps-converted-to.pdf>
Package pdftex.def Info: fig28-eps-converted-to.pdf  used on input line 670.
(pdftex.def)             Requested size: 284.52756pt x 170.42308pt.

Overfull \hbox (34.1432pt too wide) in paragraph at lines 670--671
 [][] 
 []


Underfull \vbox (badness 10000) has occurred while \output is active []

Package epstopdf Info: Source file: <fig29.eps>
(epstopdf)                    date: 2023-12-09 19:51:34
(epstopdf)                    size: 1312041 bytes
(epstopdf)             Output file: <fig29-eps-converted-to.pdf>
(epstopdf)                    date: 2023-12-09 19:51:34
(epstopdf)                    size: 22545 bytes
(epstopdf)             Command: <repstopdf --outfile=fig29-eps-converted-to.pdf fig29.eps>
(epstopdf)             \includegraphics on input line 677.
Package epstopdf Info: Output file is already uptodate.


pdfTeX warning: pdflatex (file /Users/surya/Downloads/18300FinalReport/example/fig29-eps-converted-to.pdf): PDF inclusion: found PDF version <1.7>, but at most version <1.5> allowed
<fig29-eps-converted-to.pdf, id=149, 339.2675pt x 159.59625pt>
File: fig29-eps-converted-to.pdf Graphic file (type pdf)
<use fig29-eps-converted-to.pdf>
Package pdftex.def Info: fig29-eps-converted-to.pdf  used on input line 677.
(pdftex.def)             Requested size: 284.52756pt x 133.85048pt.

Overfull \hbox (34.1432pt too wide) in paragraph at lines 677--678
 [][] 
 []

Package epstopdf Info: Source file: <fig30.eps>
(epstopdf)                    date: 2023-12-09 19:51:34
(epstopdf)                    size: 398757 bytes
(epstopdf)             Output file: <fig30-eps-converted-to.pdf>
(epstopdf)                    date: 2023-12-09 19:51:34
(epstopdf)                    size: 26583 bytes
(epstopdf)             Command: <repstopdf --outfile=fig30-eps-converted-to.pdf fig30.eps>
(epstopdf)             \includegraphics on input line 690.
Package epstopdf Info: Output file is already uptodate.


pdfTeX warning: pdflatex (file /Users/surya/Downloads/18300FinalReport/example/fig30-eps-converted-to.pdf): PDF inclusion: found PDF version <1.7>, but at most version <1.5> allowed
<fig30-eps-converted-to.pdf, id=150, 123.46124pt x 132.495pt>
File: fig30-eps-converted-to.pdf Graphic file (type pdf)
<use fig30-eps-converted-to.pdf>
Package pdftex.def Info: fig30-eps-converted-to.pdf  used on input line 690.
(pdftex.def)             Requested size: 241.84842pt x 259.56102pt.
[12 </Users/surya/Downloads/18300FinalReport/example/fig28-eps-converted-to.pdf> </Users/surya/Downloads/18300FinalReport/example/fig29-eps-converted-to.pdf>]
Package epstopdf Info: Source file: <fig31.eps>
(epstopdf)                    date: 2023-12-09 19:51:34
(epstopdf)                    size: 2618132 bytes
(epstopdf)             Output file: <fig31-eps-converted-to.pdf>
(epstopdf)                    date: 2023-12-09 19:51:34
(epstopdf)                    size: 87305 bytes
(epstopdf)             Command: <repstopdf --outfile=fig31-eps-converted-to.pdf fig31.eps>
(epstopdf)             \includegraphics on input line 714.
Package epstopdf Info: Output file is already uptodate.


pdfTeX warning: pdflatex (file /Users/surya/Downloads/18300FinalReport/example/fig31-eps-converted-to.pdf): PDF inclusion: found PDF version <1.7>, but at most version <1.5> allowed
<fig31-eps-converted-to.pdf, id=160, 420.57124pt x 257.96375pt>
File: fig31-eps-converted-to.pdf Graphic file (type pdf)
<use fig31-eps-converted-to.pdf>
Package pdftex.def Info: fig31-eps-converted-to.pdf  used on input line 714.
(pdftex.def)             Requested size: 284.52756pt x 174.5195pt.

Overfull \hbox (34.1432pt too wide) in paragraph at lines 714--715
 [][] 
 []

Package epstopdf Info: Source file: <fig32.eps>
(epstopdf)                    date: 2023-12-09 19:51:34
(epstopdf)                    size: 447149 bytes
(epstopdf)             Output file: <fig32-eps-converted-to.pdf>
(epstopdf)                    date: 2023-12-09 19:51:34
(epstopdf)                    size: 26678 bytes
(epstopdf)             Command: <repstopdf --outfile=fig32-eps-converted-to.pdf fig32.eps>
(epstopdf)             \includegraphics on input line 732.
Package epstopdf Info: Output file is already uptodate.


pdfTeX warning: pdflatex (file /Users/surya/Downloads/18300FinalReport/example/fig32-eps-converted-to.pdf): PDF inclusion: found PDF version <1.7>, but at most version <1.5> allowed
<fig32-eps-converted-to.pdf, id=161, 127.47626pt x 143.53625pt>
File: fig32-eps-converted-to.pdf Graphic file (type pdf)
<use fig32-eps-converted-to.pdf>
Package pdftex.def Info: fig32-eps-converted-to.pdf  used on input line 732.
(pdftex.def)             Requested size: 241.84842pt x 272.33183pt.
[13 </Users/surya/Downloads/18300FinalReport/example/fig30-eps-converted-to.pdf> </Users/surya/Downloads/18300FinalReport/example/fig31-eps-converted-to.pdf>]
Package epstopdf Info: Source file: <fig33.eps>
(epstopdf)                    date: 2023-12-09 19:51:34
(epstopdf)                    size: 411591 bytes
(epstopdf)             Output file: <fig33-eps-converted-to.pdf>
(epstopdf)                    date: 2023-12-09 19:51:34
(epstopdf)                    size: 25707 bytes
(epstopdf)             Command: <repstopdf --outfile=fig33-eps-converted-to.pdf fig33.eps>
(epstopdf)             \includegraphics on input line 746.
Package epstopdf Info: Output file is already uptodate.


pdfTeX warning: pdflatex (file /Users/surya/Downloads/18300FinalReport/example/fig33-eps-converted-to.pdf): PDF inclusion: found PDF version <1.7>, but at most version <1.5> allowed
<fig33-eps-converted-to.pdf, id=172, 127.47626pt x 132.495pt>
File: fig33-eps-converted-to.pdf Graphic file (type pdf)
<use fig33-eps-converted-to.pdf>
Package pdftex.def Info: fig33-eps-converted-to.pdf  used on input line 746.
(pdftex.def)             Requested size: 241.84842pt x 251.38321pt.

LaTeX Warning: `h' float specifier changed to `ht'.

[14 </Users/surya/Downloads/18300FinalReport/example/fig32-eps-converted-to.pdf> </Users/surya/Downloads/18300FinalReport/example/fig33-eps-converted-to.pdf>]
Package epstopdf Info: Source file: <fig34.eps>
(epstopdf)                    date: 2023-12-09 19:51:34
(epstopdf)                    size: 1959309 bytes
(epstopdf)             Output file: <fig34-eps-converted-to.pdf>
(epstopdf)                    date: 2023-12-09 19:51:34
(epstopdf)                    size: 48205 bytes
(epstopdf)             Command: <repstopdf --outfile=fig34-eps-converted-to.pdf fig34.eps>
(epstopdf)             \includegraphics on input line 782.
Package epstopdf Info: Output file is already uptodate.


pdfTeX warning: pdflatex (file /Users/surya/Downloads/18300FinalReport/example/fig34-eps-converted-to.pdf): PDF inclusion: found PDF version <1.7>, but at most version <1.5> allowed
<fig34-eps-converted-to.pdf, id=182, 381.425pt x 212.795pt>
File: fig34-eps-converted-to.pdf Graphic file (type pdf)
<use fig34-eps-converted-to.pdf>
Package pdftex.def Info: fig34-eps-converted-to.pdf  used on input line 782.
(pdftex.def)             Requested size: 284.52756pt x 158.74188pt.

Overfull \hbox (34.1432pt too wide) in paragraph at lines 782--783
 [][] 
 []

[15 </Users/surya/Downloads/18300FinalReport/example/fig34-eps-converted-to.pdf>]
Underfull \hbox (badness 1509) in paragraph at lines 826--832
\OT1/ptm/m/n/10 through-out both the SRP and the report-writing pro-cess.
 []

(/Users/surya/Downloads/18300FinalReport/example/example.bbl
Underfull \hbox (badness 2495) in paragraph at lines 21--25
[]\OT1/ptm/m/n/10 A. Creuziger, C. A. Cal-houn, W. A. Pol-ing, and
 []


Underfull \hbox (badness 1360) in paragraph at lines 47--49
[]\OT1/ptm/m/n/10 B. D. Cul-lity and S. R. Stock, \OT1/ptm/m/it/10 El-e-ments of X-Ray
 []


Underfull \hbox (badness 1436) in paragraph at lines 64--67
[]\OT1/ptm/m/n/10 M. Cox, K. Find-ley, S. Chan-dramouleeswaran, and
 []

) [16] (/Users/surya/Downloads/18300FinalReport/example/example.aux)

LaTeX Warning: There were multiply-defined labels.

 ) 
Here is how much of TeX's memory you used:
 6372 strings out of 478994
 132144 string characters out of 5858184
 415859 words of memory out of 5000000
 23724 multiletter control sequences out of 15000+600000
 454550 words of font info for 73 fonts, out of 8000000 for 9000
 1141 hyphenation exceptions out of 8191
 73i,10n,77p,456b,291s stack positions out of 5000i,500n,10000p,200000b,80000s
{/usr/local/texlive/2021/texmf-dist/fonts/enc/dvips/lm/lm-mathsy.enc}{/usr/local/texlive/2021/texmf-dist/fonts/enc/dvips/lm/lm-rm.enc}{/usr/local/texlive/2021/texmf-dist/fonts/enc/dvips/base/8r.enc}{/usr/local/texlive/2021/texmf-dist/fonts/enc/dvips/lm/lm-mathit.enc}</usr/local/texlive/2021/texmf-dist/fonts/type1/public/lm/lmmi10.pfb></usr/local/texlive/2021/texmf-dist/fonts/type1/public/lm/lmr10.pfb></usr/local/texlive/2021/texmf-dist/fonts/type1/public/lm/lmsy7.pfb></usr/local/texlive/2021/texmf-dist/fonts/type1/urw/times/utmb8a.pfb></usr/local/texlive/2021/texmf-dist/fonts/type1/urw/times/utmbi8a.pfb></usr/local/texlive/2021/texmf-dist/fonts/type1/urw/times/utmr8a.pfb></usr/local/texlive/2021/texmf-dist/fonts/type1/urw/times/utmri8a.pfb>
Output written on /Users/surya/Downloads/18300FinalReport/example/example.pdf (16 pages, 2813968 bytes).
PDF statistics:
 221 PDF objects out of 1000 (max. 8388607)
 130 compressed objects within 2 object streams
 0 named destinations out of 1000 (max. 500000)
 171 words of extra memory for PDF output out of 10000 (max. 10000000)

